# JRE version: OpenJDK Runtime Environment Temurin-22.0.2+9 (22.0.2+9) (build 22.0.2+9)
# Java VM: OpenJDK 64-Bit Server VM Temurin-22.0.2+9 (22.0.2+9, mixed mode, tiered, compressed oops, compressed class ptrs, g1 gc, windows-amd64)
GC Precious Log:
 CardTable entry size: 512
 Card Set container configuration: InlinePtr #cards 4 size 8 Array Of Cards #cards 16 size 48 Howl #buckets 8 coarsen threshold 3686 Howl Bitmap #cards 512 size 80 coarsen threshold 460 Card regions per heap region 1 cards per card region 4096
 CPUs: 6 total, 6 available
 Memory: 16246M
 Large Page Support: Disabled
 NUMA Support: Disabled
 Compressed Oops: Enabled (Zero based)
 Heap Region Size: 2M
 Heap Min Capacity: 8M
 Heap Initial Capacity: 254M
 Heap Max Capacity: 4062M
 Pre-touch: Disabled
 Parallel Workers: 6
 Concurrent Workers: 2
 Concurrent Refinement Workers: 6
 Periodic GC: Disabled
Heap:
 garbage-first heap   total reserved 4159488K, committed 143360K, used 79643K [0x0000000702200000, 0x0000000800000000)
  region size 2048K, 13 young (26624K), 5 survivors (10240K)
 Metaspace       used 111855K, committed 113024K, reserved 1179648K
  class space    used 13134K, committed 13760K, reserved 1048576K
GC Heap History (20 events):
Event: 3828.786 GC heap before
{Heap before GC invocations=86 (full 16):
 garbage-first heap   total reserved 4159488K, committed 143360K, used 124234K [0x0000000702200000, 0x0000000800000000)
  region size 2048K, 36 young (73728K), 3 survivors (6144K)
 Metaspace       used 108667K, committed 109760K, reserved 1179648K
  class space    used 12958K, committed 13504K, reserved 1048576K
}
Event: 3828.789 GC heap after
{Heap after GC invocations=87 (full 16):
 garbage-first heap   total reserved 4159488K, committed 143360K, used 60451K [0x0000000702200000, 0x0000000800000000)
  region size 2048K, 3 young (6144K), 3 survivors (6144K)
 Metaspace       used 108667K, committed 109760K, reserved 1179648K
  class space    used 12958K, committed 13504K, reserved 1048576K
}
Event: 3836.790 GC heap before
{Heap before GC invocations=87 (full 16):
 garbage-first heap   total reserved 4159488K, committed 143360K, used 62499K [0x0000000702200000, 0x0000000800000000)
  region size 2048K, 5 young (10240K), 3 survivors (6144K)
 Metaspace       used 108685K, committed 109760K, reserved 1179648K
  class space    used 12958K, committed 13504K, reserved 1048576K
}
Event: 3836.838 GC heap after
{Heap after GC invocations=88 (full 17):
 garbage-first heap   total reserved 4159488K, committed 143360K, used 51658K [0x0000000702200000, 0x0000000800000000)
  region size 2048K, 0 young (0K), 0 survivors (0K)
 Metaspace       used 108639K, committed 109760K, reserved 1179648K
  class space    used 12956K, committed 13504K, reserved 1048576K
}
Event: 3837.575 GC heap before
{Heap before GC invocations=88 (full 17):
 garbage-first heap   total reserved 4159488K, committed 143360K, used 123338K [0x0000000702200000, 0x0000000800000000)
  region size 2048K, 36 young (73728K), 0 survivors (0K)
 Metaspace       used 109121K, committed 110208K, reserved 1179648K
  class space    used 12997K, committed 13568K, reserved 1048576K
}
Event: 3837.578 GC heap after
{Heap after GC invocations=89 (full 17):
 garbage-first heap   total reserved 4159488K, committed 143360K, used 57306K [0x0000000702200000, 0x0000000800000000)
  region size 2048K, 3 young (6144K), 3 survivors (6144K)
 Metaspace       used 109121K, committed 110208K, reserved 1179648K
  class space    used 12997K, committed 13568K, reserved 1048576K
}
Event: 3879.366 GC heap before
{Heap before GC invocations=90 (full 17):
 garbage-first heap   total reserved 4159488K, committed 143360K, used 124890K [0x0000000702200000, 0x0000000800000000)
  region size 2048K, 36 young (73728K), 3 survivors (6144K)
 Metaspace       used 109743K, committed 110976K, reserved 1179648K
  class space    used 13040K, committed 13632K, reserved 1048576K
}
Event: 3879.370 GC heap after
{Heap after GC invocations=91 (full 17):
 garbage-first heap   total reserved 4159488K, committed 143360K, used 61049K [0x0000000702200000, 0x0000000800000000)
  region size 2048K, 3 young (6144K), 3 survivors (6144K)
 Metaspace       used 109743K, committed 110976K, reserved 1179648K
  class space    used 13040K, committed 13632K, reserved 1048576K
}
Event: 3908.832 GC heap before
{Heap before GC invocations=91 (full 17):
 garbage-first heap   total reserved 4159488K, committed 143360K, used 65145K [0x0000000702200000, 0x0000000800000000)
  region size 2048K, 6 young (12288K), 3 survivors (6144K)
 Metaspace       used 109746K, committed 110976K, reserved 1179648K
  class space    used 13040K, committed 13632K, reserved 1048576K
}
Event: 3908.884 GC heap after
{Heap after GC invocations=92 (full 18):
 garbage-first heap   total reserved 4159488K, committed 143360K, used 52352K [0x0000000702200000, 0x0000000800000000)
  region size 2048K, 0 young (0K), 0 survivors (0K)
 Metaspace       used 109700K, committed 110976K, reserved 1179648K
  class space    used 13038K, committed 13632K, reserved 1048576K
}
Event: 3909.578 GC heap before
{Heap before GC invocations=92 (full 18):
 garbage-first heap   total reserved 4159488K, committed 143360K, used 124032K [0x0000000702200000, 0x0000000800000000)
  region size 2048K, 36 young (73728K), 0 survivors (0K)
 Metaspace       used 110163K, committed 111360K, reserved 1179648K
  class space    used 13078K, committed 13632K, reserved 1048576K
}
Event: 3909.581 GC heap after
{Heap after GC invocations=93 (full 18):
 garbage-first heap   total reserved 4159488K, committed 143360K, used 57997K [0x0000000702200000, 0x0000000800000000)
  region size 2048K, 3 young (6144K), 3 survivors (6144K)
 Metaspace       used 110163K, committed 111360K, reserved 1179648K
  class space    used 13078K, committed 13632K, reserved 1048576K
}
Event: 3946.840 GC heap before
{Heap before GC invocations=94 (full 18):
 garbage-first heap   total reserved 4159488K, committed 143360K, used 125581K [0x0000000702200000, 0x0000000800000000)
  region size 2048K, 36 young (73728K), 3 survivors (6144K)
 Metaspace       used 110821K, committed 112000K, reserved 1179648K
  class space    used 13124K, committed 13696K, reserved 1048576K
}
Event: 3946.848 GC heap after
{Heap after GC invocations=95 (full 18):
 garbage-first heap   total reserved 4159488K, committed 143360K, used 62402K [0x0000000702200000, 0x0000000800000000)
  region size 2048K, 3 young (6144K), 3 survivors (6144K)
 Metaspace       used 110821K, committed 112000K, reserved 1179648K
  class space    used 13124K, committed 13696K, reserved 1048576K
}
Event: 4225.922 GC heap before
{Heap before GC invocations=95 (full 18):
 garbage-first heap   total reserved 4159488K, committed 143360K, used 95170K [0x0000000702200000, 0x0000000800000000)
  region size 2048K, 20 young (40960K), 3 survivors (6144K)
 Metaspace       used 110917K, committed 112064K, reserved 1179648K
  class space    used 13128K, committed 13696K, reserved 1048576K
}
Event: 4225.976 GC heap after
{Heap after GC invocations=96 (full 19):
 garbage-first heap   total reserved 4159488K, committed 143360K, used 54972K [0x0000000702200000, 0x0000000800000000)
  region size 2048K, 0 young (0K), 0 survivors (0K)
 Metaspace       used 110871K, committed 112064K, reserved 1179648K
  class space    used 13125K, committed 13696K, reserved 1048576K
}
Event: 4226.723 GC heap before
{Heap before GC invocations=96 (full 19):
 garbage-first heap   total reserved 4159488K, committed 143360K, used 120508K [0x0000000702200000, 0x0000000800000000)
  region size 2048K, 33 young (67584K), 0 survivors (0K)
 Metaspace       used 111306K, committed 112512K, reserved 1179648K
  class space    used 13160K, committed 13760K, reserved 1048576K
}
Event: 4226.726 GC heap after
{Heap after GC invocations=97 (full 19):
 garbage-first heap   total reserved 4159488K, committed 143360K, used 60680K [0x0000000702200000, 0x0000000800000000)
  region size 2048K, 3 young (6144K), 3 survivors (6144K)
 Metaspace       used 111306K, committed 112512K, reserved 1179648K
  class space    used 13160K, committed 13760K, reserved 1048576K
}
Event: 4228.751 GC heap before
{Heap before GC invocations=98 (full 19):
 garbage-first heap   total reserved 4159488K, committed 143360K, used 122120K [0x0000000702200000, 0x0000000800000000)
  region size 2048K, 33 young (67584K), 3 survivors (6144K)
 Metaspace       used 111648K, committed 112896K, reserved 1179648K
  class space    used 13114K, committed 13760K, reserved 1048576K
}
Event: 4228.755 GC heap after
{Heap after GC invocations=99 (full 19):
 garbage-first heap   total reserved 4159488K, committed 143360K, used 65307K [0x0000000702200000, 0x0000000800000000)
  region size 2048K, 5 young (10240K), 5 survivors (10240K)
 Metaspace       used 111648K, committed 112896K, reserved 1179648K
  class space    used 13114K, committed 13760K, reserved 1048576K
}

